2023-12-26 10:53:08,565 - INFO - file_cache is only supported with oauth2client<4.0.0
2023-12-26 10:53:08,747 - INFO - System: Windows
2023-12-26 10:53:08,747 - INFO - Node Name: PJ
2023-12-26 10:53:08,747 - INFO - Release: 10
2023-12-26 10:53:08,747 - INFO - Version: 10.0.22631
2023-12-26 10:53:08,747 - INFO - Machine: AMD64
2023-12-26 10:53:08,747 - INFO - Processor: Intel64 Family 6 Model 140 Stepping 1, GenuineIntel
2023-12-26 10:54:55,352 - INFO - [+] Posting: post_anushkashettyofficial_3264853278331772348
2023-12-26 10:54:56,257 - INFO -    [-] Width: 1080 Height: 1920 fps: 30.0 Duration: 15.0 Aspect ratio: 0.5625
2023-12-26 10:54:56,273 - INFO - file_cache is only supported with oauth2client<4.0.0
2023-12-26 10:55:03,653 - INFO -    [-] Start uploading
2023-12-26 10:55:04,373 - INFO - Refreshing due to a 401 (attempt 1/2)
2023-12-26 10:55:04,373 - INFO - Refreshing access_token
2023-12-26 10:55:05,650 - ERROR -    [-] Error during video upload: <HttpError 400 when requesting None returned "The user has exceeded the number of videos they may upload.". Details: "[{'message': 'The user has exceeded the number of videos they may upload.', 'domain': 'youtube.video', 'reason': 'uploadLimitExceeded'}]">
2023-12-26 10:55:05,650 - ERROR -    [-] Error: <HttpError 400 when requesting None returned "The user has exceeded the number of videos they may upload.". Details: "[{'message': 'The user has exceeded the number of videos they may upload.', 'domain': 'youtube.video', 'reason': 'uploadLimitExceeded'}]">
2023-12-26 11:05:20,039 - INFO - file_cache is only supported with oauth2client<4.0.0
2023-12-26 11:05:20,117 - INFO - System: Windows
2023-12-26 11:05:20,117 - INFO - Node Name: PJ_Laptop
2023-12-26 11:05:20,117 - INFO - Release: 10
2023-12-26 11:05:20,117 - INFO - Version: 10.0.19045
2023-12-26 11:05:20,117 - INFO - Machine: AMD64
2023-12-26 11:05:20,117 - INFO - Processor: Intel64 Family 6 Model 42 Stepping 7, GenuineIntel
2023-12-26 11:05:20,117 - INFO - [+] Posting: post_im_raveena_daha_3264923160184578579
2023-12-26 11:05:21,539 - INFO -    [-] Width: 704 Height: 1252 fps: 30.0 Duration: 88.86666666666666 Aspect ratio: 0.5623003194888179
2023-12-26 11:05:21,570 - INFO - file_cache is only supported with oauth2client<4.0.0
2023-12-26 11:05:24,695 - INFO -    [-] Start uploading
2023-12-26 11:05:25,554 - INFO - Refreshing due to a 401 (attempt 1/2)
2023-12-26 11:05:25,554 - INFO - Refreshing access_token
2023-12-26 11:05:27,070 - ERROR -    [-] Error during video upload: <HttpError 400 when requesting None returned "The user has exceeded the number of videos they may upload.". Details: "[{'message': 'The user has exceeded the number of videos they may upload.', 'domain': 'youtube.video', 'reason': 'uploadLimitExceeded'}]">
2023-12-26 11:05:27,070 - ERROR -    [-] Error: <HttpError 400 when requesting None returned "The user has exceeded the number of videos they may upload.". Details: "[{'message': 'The user has exceeded the number of videos they may upload.', 'domain': 'youtube.video', 'reason': 'uploadLimitExceeded'}]">
2023-12-26 12:05:15,083 - INFO - file_cache is only supported with oauth2client<4.0.0
2023-12-26 12:05:15,158 - INFO - System: Windows
2023-12-26 12:05:15,158 - INFO - Node Name: PJ_Laptop
2023-12-26 12:05:15,158 - INFO - Release: 10
2023-12-26 12:05:15,158 - INFO - Version: 10.0.19045
2023-12-26 12:05:15,158 - INFO - Machine: AMD64
2023-12-26 12:05:15,158 - INFO - Processor: Intel64 Family 6 Model 42 Stepping 7, GenuineIntel
2023-12-26 12:05:15,160 - INFO - [+] Posting: post_im_raveena_daha_3264923160184578579
2023-12-26 12:05:16,379 - INFO -    [-] Width: 704 Height: 1252 fps: 30.0 Duration: 88.86666666666666 Aspect ratio: 0.5623003194888179
2023-12-26 12:05:16,394 - INFO - file_cache is only supported with oauth2client<4.0.0
2023-12-26 12:05:16,486 - INFO -    [-] Start uploading
2023-12-26 12:05:18,072 - ERROR -    [-] Error during video upload: <HttpError 400 when requesting None returned "The user has exceeded the number of videos they may upload.". Details: "[{'message': 'The user has exceeded the number of videos they may upload.', 'domain': 'youtube.video', 'reason': 'uploadLimitExceeded'}]">
2023-12-26 12:05:18,073 - ERROR -    [-] Error: <HttpError 400 when requesting None returned "The user has exceeded the number of videos they may upload.". Details: "[{'message': 'The user has exceeded the number of videos they may upload.', 'domain': 'youtube.video', 'reason': 'uploadLimitExceeded'}]">
