Database 'data.sqlite3' already exists.
=========> ihansika <=========== 
Process finished
=========> ileana_official <=========== 
Process finished
=========> i_nivethathomas <=========== 
Process finished
=========> jyotika <=========== 
          >> downloading: post_3235742021063361607
post_jyotika_3235742021063361607/2023-11-14_08-29-37_UTC.jpg [Kaathal the Core in cinemas t…] post_jyotika_3235742021063361607/2023-11-14_08-29-37_UTC.mp4 json 
Process finished
=========> kajalaggarwalofficial <=========== 
          >> downloading: post_3231545572405257937
post_kajalaggarwalofficial_3231545572405257937/2023-11-08_13-31-38_UTC.jpg [Elevate your Diwali look with…] post_kajalaggarwalofficial_3231545572405257937/2023-11-08_13-31-38_UTC.mp4 json 
Process finished
=========> kalyanipriyadarshan <=========== 
          >> downloading: post_3237332170964376329
post_kalyanipriyadarshan_3237332170964376329/2023-11-16_13-15-55_UTC.jpg [Sesham Mike-il Fathima releas…] post_kalyanipriyadarshan_3237332170964376329/2023-11-16_13-15-55_UTC.mp4 json 
Process finished
=========> katrinakaif <=========== 
          >> downloading: post_3234204170801453041
post_katrinakaif_3234204170801453041/2023-11-12_05-35-25_UTC.jpg [See you in cinemas!   #Tiger3…] post_katrinakaif_3234204170801453041/2023-11-12_05-35-25_UTC.mp4 json 
          >> downloading: post_3232783385570537567
post_katrinakaif_3232783385570537567/2023-11-10_06-34-25_UTC.jpg [We’ll see you in just 2 days!…] post_katrinakaif_3232783385570537567/2023-11-10_06-34-25_UTC.mp4 json 
          >> downloading: post_3232238956363311899
post_katrinakaif_3232238956363311899/2023-11-09_12-32-42_UTC.jpg [Only 3 days to go for #Tiger3…] post_katrinakaif_3232238956363311899/2023-11-09_12-32-42_UTC.mp4 json 
          >> downloading: post_3231327392806225791
post_katrinakaif_3231327392806225791/2023-11-08_06-27-10_UTC.jpg [Diwali is just around the cor…] post_katrinakaif_3231327392806225791/2023-11-08_06-27-10_UTC.mp4 json 
Error(downloadVideo): JSON Query to graphql/query: HTTP error code 401.
