Current Date and Time: 2023-12-19 20:57:47.906413
Database 'data.sqlite3' already exists.
=========> hegdepooja <=========== 
Process finished
Donwloaded videos:  0
=========> iamraailaxmi <=========== 
Process finished
Donwloaded videos:  0
=========> ihansika <=========== 
Process finished
Donwloaded videos:  0
=========> ileana_official <=========== 
Process finished
Donwloaded videos:  0
=========> i_nivethathomas <=========== 
Process finished
Donwloaded videos:  0
=========> jyotika <=========== 
          >> downloading: post_3258241732319960912
post_jyotika_3258241732319960912\2023-12-15_09-31-56_UTC.jpg [Happy to share space with som…] post_jyotika_3258241732319960912\2023-12-15_09-31-56_UTC.mp4 json 
Process finished
Donwloaded videos:  1
=========> kajalaggarwalofficial <=========== 
          >> downloading: post_3261180597787548872
post_kajalaggarwalofficial_3261180597787548872\2023-12-19_11-24-57_UTC.jpg [Do you think your daily diet …] post_kajalaggarwalofficial_3261180597787548872\2023-12-19_11-24-57_UTC.mp4 json 
          >> downloading: post_3257440529654734729
post_kajalaggarwalofficial_3257440529654734729\2023-12-14_07-00-39_UTC.jpg [Q&A round of your most asked …] post_kajalaggarwalofficial_3257440529654734729\2023-12-14_07-00-39_UTC.mp4 json 
          >> downloading: post_3256167910435256038
post_kajalaggarwalofficial_3256167910435256038\2023-12-12_15-02-59_UTC.jpg [Hey guys, I have some excitin…] post_kajalaggarwalofficial_3256167910435256038\2023-12-12_15-02-59_UTC.mp4 json 
Process finished
Donwloaded videos:  3
=========> kalyanipriyadarshan <=========== 
Process finished
Donwloaded videos:  0
=========> anikhasurendran <=========== 
Process finished
Donwloaded videos:  0
=========> katrinakaif <=========== 
Process finished
Donwloaded videos:  0
=========> kriti.kharbanda <=========== 
Process finished
Donwloaded videos:  0
=========> srinidhi_shetty <=========== 
Process finished
Donwloaded videos:  0
=========> tamannaahspeaks <=========== 
Process finished
Donwloaded videos:  0
=========> kschithra_nightingale________ <=========== 
Process finished
Donwloaded videos:  0
=========> keerthysureshofficial <=========== 
          >> downloading: post_3261020920629633712
post_keerthysureshofficial_3261020920629633712\2023-12-19_05-33-52_UTC.jpg [#RaghuThatha, a rollicking, h…] post_keerthysureshofficial_3261020920629633712\2023-12-19_05-33-52_UTC.mp4 json 
Process finished
Donwloaded videos:  1
=========> malvikasharmaofficial <=========== 
Process finished
Donwloaded videos:  0
=========> manju.warrier <=========== 

HTTP redirect from https://i.instagram.com/api/v1/users/web_profile_info/?username=manju.warrier to https://i.instagram.com/accounts/login/?next=/api/v1/users/web_profile_info/
Error(downloadVideo): Redirected to login page. Use --login.
Donwloaded videos:  0
post_jyotika_3258241732319960912
1080 1920 25.052 38.36021076161584 0.5625
==== Trying to upload: ===
=== Video uploding (wait until uploading finish) ===
Video id 0jS5LPp6foM was successfully uploaded.
Playlist 'Jyotika' created successfully with id 'PLB-pM6gaYSMBkslRej-tdR7ANpXQS7-j2'
